{"uuid":"7abdb775-e4a7-4931-8df1-8d43ee090653","historyId":"422ef897e9dd37b1f422a6d37d7a5524","fullName":"RegistrationWithInvalidPasswordTest.errorMessageWithInvalidPasswordIsAppearTest[Test data:  {1} {2} {3} {4}]","labels":[{"name":"package","value":""},{"name":"testClass","value":"RegistrationWithInvalidPasswordTest"},{"name":"testMethod","value":"errorMessageWithInvalidPasswordIsAppearTest[Test data:  {1} {2} {3} {4}]"},{"name":"suite","value":"RegistrationWithInvalidPasswordTest"},{"name":"host","value":"dukalis"},{"name":"thread","value":"8328@dukalis.main(1)"},{"name":"framework","value":"junit4"},{"name":"language","value":"java"}],"links":[],"name":"Parametrized password negative test","status":"failed","statusDetails":{"known":false,"muted":false,"flaky":false,"message":"error message not appear expected:<true> but was:<false>","trace":"java.lang.AssertionError: error message not appear expected:<true> but was:<false>\r\n\tat org.junit.Assert.fail(Assert.java:89)\r\n\tat org.junit.Assert.failNotEquals(Assert.java:835)\r\n\tat org.junit.Assert.assertEquals(Assert.java:120)\r\n\tat RegistrationWithInvalidPasswordTest.errorMessageWithInvalidPasswordIsAppearTest(RegistrationWithInvalidPasswordTest.java:41)\r\n\tat java.base/jdk.internal.reflect.NativeMethodAccessorImpl.invoke0(Native Method)\r\n\tat java.base/jdk.internal.reflect.NativeMethodAccessorImpl.invoke(NativeMethodAccessorImpl.java:62)\r\n\tat java.base/jdk.internal.reflect.DelegatingMethodAccessorImpl.invoke(DelegatingMethodAccessorImpl.java:43)\r\n\tat java.base/java.lang.reflect.Method.invoke(Method.java:566)\r\n\tat org.junit.runners.model.FrameworkMethod$1.runReflectiveCall(FrameworkMethod.java:59)\r\n\tat org.junit.internal.runners.model.ReflectiveCallable.run(ReflectiveCallable.java:12)\r\n\tat org.junit.runners.model.FrameworkMethod.invokeExplosively(FrameworkMethod.java:56)\r\n\tat org.junit.internal.runners.statements.InvokeMethod.evaluate(InvokeMethod.java:17)\r\n\tat org.junit.runners.ParentRunner$3.evaluate(ParentRunner.java:306)\r\n\tat org.junit.runners.BlockJUnit4ClassRunner$1.evaluate(BlockJUnit4ClassRunner.java:100)\r\n\tat org.junit.runners.ParentRunner.runLeaf(ParentRunner.java:366)\r\n\tat org.junit.runners.BlockJUnit4ClassRunner.runChild(BlockJUnit4ClassRunner.java:103)\r\n\tat org.junit.runners.BlockJUnit4ClassRunner.runChild(BlockJUnit4ClassRunner.java:63)\r\n\tat org.junit.runners.ParentRunner$4.run(ParentRunner.java:331)\r\n\tat org.junit.runners.ParentRunner$1.schedule(ParentRunner.java:79)\r\n\tat org.junit.runners.ParentRunner.runChildren(ParentRunner.java:329)\r\n\tat org.junit.runners.ParentRunner.access$100(ParentRunner.java:66)\r\n\tat org.junit.runners.ParentRunner$2.evaluate(ParentRunner.java:293)\r\n\tat org.junit.runners.ParentRunner.run(ParentRunner.java:413)\r\n\tat org.junit.runners.Suite.runChild(Suite.java:128)\r\n\tat org.junit.runners.Suite.runChild(Suite.java:27)\r\n\tat org.junit.runners.ParentRunner$4.run(ParentRunner.java:331)\r\n\tat org.junit.runners.ParentRunner$1.schedule(ParentRunner.java:79)\r\n\tat org.junit.runners.ParentRunner.runChildren(ParentRunner.java:329)\r\n\tat org.junit.runners.ParentRunner.access$100(ParentRunner.java:66)\r\n\tat org.junit.runners.ParentRunner$2.evaluate(ParentRunner.java:293)\r\n\tat org.junit.runners.ParentRunner$3.evaluate(ParentRunner.java:306)\r\n\tat org.junit.runners.ParentRunner.run(ParentRunner.java:413)\r\n\tat org.apache.maven.surefire.junit4.JUnit4Provider.execute(JUnit4Provider.java:365)\r\n\tat org.apache.maven.surefire.junit4.JUnit4Provider.executeWithRerun(JUnit4Provider.java:273)\r\n\tat org.apache.maven.surefire.junit4.JUnit4Provider.executeTestSet(JUnit4Provider.java:238)\r\n\tat org.apache.maven.surefire.junit4.JUnit4Provider.invoke(JUnit4Provider.java:159)\r\n\tat org.apache.maven.surefire.booter.ForkedBooter.invokeProviderInSameClassLoader(ForkedBooter.java:384)\r\n\tat org.apache.maven.surefire.booter.ForkedBooter.runSuitesInProcess(ForkedBooter.java:345)\r\n\tat org.apache.maven.surefire.booter.ForkedBooter.execute(ForkedBooter.java:126)\r\n\tat org.apache.maven.surefire.booter.ForkedBooter.main(ForkedBooter.java:418)\r\n"},"stage":"finished","steps":[{"name":"click Login button","status":"passed","stage":"finished","steps":[],"attachments":[],"parameters":[],"start":1652566258208,"stop":1652566258552},{"name":"Click registration button","status":"passed","stage":"finished","steps":[],"attachments":[],"parameters":[],"start":1652566258553,"stop":1652566258609},{"name":"type user password in field","status":"passed","stage":"finished","steps":[],"attachments":[],"parameters":[{"name":"password","value":""}],"start":1652566258610,"stop":1652566258657},{"name":"Click Registration button","status":"passed","stage":"finished","steps":[],"attachments":[],"parameters":[],"start":1652566258657,"stop":1652566258705},{"name":"Click Registration button","status":"passed","stage":"finished","steps":[],"attachments":[],"parameters":[],"start":1652566258705,"stop":1652566258742},{"name":"check error message is appear","status":"passed","stage":"finished","steps":[],"attachments":[],"parameters":[],"start":1652566258742,"stop":1652566258753}],"attachments":[],"parameters":[],"start":1652566258025,"stop":1652566258760}